<?xml version="1.0" encoding="UTF-8"?>
<testsuites name="jest tests" tests="3" failures="0" errors="0" time="1.759">
  <testsuite name="Analytics Command" errors="0" failures="0" skipped="0" timestamp="2025-10-02T19:15:13" time="1.64" tests="3">
    <testcase classname="Analytics Command should handle analytics command successfully" name="Analytics Command should handle analytics command successfully" time="0.009">
    </testcase>
    <testcase classname="Analytics Command should handle analytics command error" name="Analytics Command should handle analytics command error" time="0.003">
    </testcase>
    <testcase classname="Analytics Command should handle analytics with empty data" name="Analytics Command should handle analytics with empty data" time="0.002">
    </testcase>
  </testsuite>
</testsuites>