<?xml version="1.0" encoding="UTF-8"?>
<testsuites name="jest tests" tests="5" failures="0" errors="0" time="0.509">
  <testsuite name="Chat Service - Basic" errors="0" failures="0" skipped="0" timestamp="2025-10-05T21:56:43" time="0.426" tests="5">
    <testcase classname="Chat Service - Basic should ignore bot messages" name="Chat Service - Basic should ignore bot messages" time="0.006">
    </testcase>
    <testcase classname="Chat Service - Basic should ignore empty messages" name="Chat Service - Basic should ignore empty messages" time="0.002">
    </testcase>
    <testcase classname="Chat Service - Basic should handle regular chat messages" name="Chat Service - Basic should handle regular chat messages" time="0.051">
    </testcase>
    <testcase classname="Chat Service - Basic should handle command messages" name="Chat Service - Basic should handle command messages" time="0.004">
    </testcase>
    <testcase classname="Chat Service - Basic should handle rate limited users" name="Chat Service - Basic should handle rate limited users" time="0.002">
    </testcase>
  </testsuite>
</testsuites>