<?xml version="1.0" encoding="UTF-8"?>
<testsuites name="jest tests" tests="10" failures="0" errors="0" time="0.969">
  <testsuite name="Natural Language Reminder Processor" errors="0" failures="0" skipped="0" timestamp="2025-10-07T14:15:35" time="0.883" tests="10">
    <testcase classname="Natural Language Reminder Processor isReminderRequest should detect explicit reminder requests" name="Natural Language Reminder Processor isReminderRequest should detect explicit reminder requests" time="0.018">
    </testcase>
    <testcase classname="Natural Language Reminder Processor isReminderRequest should not detect non-reminder messages" name="Natural Language Reminder Processor isReminderRequest should not detect non-reminder messages" time="0.002">
    </testcase>
    <testcase classname="Natural Language Reminder Processor extractEvent should extract event from reminder requests" name="Natural Language Reminder Processor extractEvent should extract event from reminder requests" time="0.002">
    </testcase>
    <testcase classname="Natural Language Reminder Processor extractEvent should return null for messages without clear events" name="Natural Language Reminder Processor extractEvent should return null for messages without clear events" time="0.002">
    </testcase>
    <testcase classname="Natural Language Reminder Processor processReminderRequest should process valid reminder requests" name="Natural Language Reminder Processor processReminderRequest should process valid reminder requests" time="0.002">
    </testcase>
    <testcase classname="Natural Language Reminder Processor processReminderRequest should handle messages without extractable events" name="Natural Language Reminder Processor processReminderRequest should handle messages without extractable events" time="0.001">
    </testcase>
    <testcase classname="Natural Language Reminder Processor extractDatesFromResponse should extract dates from AI responses" name="Natural Language Reminder Processor extractDatesFromResponse should extract dates from AI responses" time="0.003">
    </testcase>
    <testcase classname="Natural Language Reminder Processor extractDatesFromResponse should handle responses without dates" name="Natural Language Reminder Processor extractDatesFromResponse should handle responses without dates" time="0.001">
    </testcase>
    <testcase classname="Natural Language Reminder Processor lookupAndSetReminder integration should successfully set reminder when date is found" name="Natural Language Reminder Processor lookupAndSetReminder integration should successfully set reminder when date is found" time="0.262">
    </testcase>
    <testcase classname="Natural Language Reminder Processor lookupAndSetReminder integration should handle cases where no date is found" name="Natural Language Reminder Processor lookupAndSetReminder integration should handle cases where no date is found" time="0.008">
    </testcase>
  </testsuite>
</testsuites>