<?xml version="1.0" encoding="UTF-8"?>
<testsuites name="jest tests" tests="11" failures="0" errors="0" time="1.727">
  <testsuite name="Chat Service - Advanced" errors="0" failures="0" skipped="0" timestamp="2025-10-06T14:23:30" time="1.511" tests="11">
    <testcase classname="Chat Service - Advanced should handle AI response generation errors" name="Chat Service - Advanced should handle AI response generation errors" time="0.112">
    </testcase>
    <testcase classname="Chat Service - Advanced should add emojis to responses when not in low CPU mode" name="Chat Service - Advanced should add emojis to responses when not in low CPU mode" time="0.011">
    </testcase>
    <testcase classname="Chat Service - Advanced should handle long responses with chunking" name="Chat Service - Advanced should handle long responses with chunking" time="0.004">
    </testcase>
    <testcase classname="Chat Service - Advanced should handle special characters in messages" name="Chat Service - Advanced should handle special characters in messages" time="0.008">
    </testcase>
    <testcase classname="Chat Service - Advanced should handle multiline messages" name="Chat Service - Advanced should handle multiline messages" time="0.003">
    </testcase>
    <testcase classname="Chat Service - Advanced should handle messages with URLs" name="Chat Service - Advanced should handle messages with URLs" time="0.003">
    </testcase>
    <testcase classname="Chat Service - Advanced should handle messages with emojis" name="Chat Service - Advanced should handle messages with emojis" time="0.009">
    </testcase>
    <testcase classname="Chat Service - Advanced should handle empty conversation history" name="Chat Service - Advanced should handle empty conversation history" time="0.009">
    </testcase>
    <testcase classname="Chat Service - Advanced should handle conversation history with multiple messages" name="Chat Service - Advanced should handle conversation history with multiple messages" time="0.002">
    </testcase>
    <testcase classname="Chat Service - Advanced should handle network timeouts gracefully" name="Chat Service - Advanced should handle network timeouts gracefully" time="0.036">
    </testcase>
    <testcase classname="Chat Service - Advanced should handle rate limit errors from API" name="Chat Service - Advanced should handle rate limit errors from API" time="0.016">
    </testcase>
  </testsuite>
</testsuites>