<?xml version="1.0" encoding="UTF-8"?>
<testsuites name="jest tests" tests="6" failures="0" errors="0" time="0.985">
  <testsuite name="Chat Service" errors="0" failures="0" skipped="0" timestamp="2025-09-22T13:23:19" time="0.873" tests="6">
    <testcase classname="Chat Service handles a normal message and sends a reply" name="Chat Service handles a normal message and sends a reply" time="0.008">
    </testcase>
    <testcase classname="Chat Service calls command handler for messages starting with &quot;!&quot;" name="Chat Service calls command handler for messages starting with &quot;!&quot;" time="0.001">
    </testcase>
    <testcase classname="Chat Service ignores messages from bots" name="Chat Service ignores messages from bots" time="0">
    </testcase>
    <testcase classname="Chat Service applies rate limiting" name="Chat Service applies rate limiting" time="0.001">
    </testcase>
    <testcase classname="Chat Service handles API errors gracefully" name="Chat Service handles API errors gracefully" time="0.012">
    </testcase>
    <testcase classname="Chat Service adds the bot response to conversation history" name="Chat Service adds the bot response to conversation history" time="0.001">
    </testcase>
  </testsuite>
</testsuites>