<?xml version="1.0" encoding="UTF-8"?>
<testsuites name="jest tests" tests="16" failures="4" errors="0" time="2.779">
  <testsuite name="URL Formatter - Social Media" errors="0" failures="4" skipped="0" timestamp="2025-09-24T09:55:28" time="2.316" tests="16">
    <testcase classname="URL Formatter - Social Media formatSocialMediaLinks should format Reddit URLs" name="URL Formatter - Social Media formatSocialMediaLinks should format Reddit URLs" time="0.004">
    </testcase>
    <testcase classname="URL Formatter - Social Media formatSocialMediaLinks should format Reddit subreddit references" name="URL Formatter - Social Media formatSocialMediaLinks should format Reddit subreddit references" time="0.001">
    </testcase>
    <testcase classname="URL Formatter - Social Media formatSocialMediaLinks should format Imgur URLs" name="URL Formatter - Social Media formatSocialMediaLinks should format Imgur URLs" time="0.001">
    </testcase>
    <testcase classname="URL Formatter - Social Media formatSocialMediaLinks should format GitHub URLs" name="URL Formatter - Social Media formatSocialMediaLinks should format GitHub URLs" time="0">
    </testcase>
    <testcase classname="URL Formatter - Social Media formatSocialMediaLinks should format Twitter URLs" name="URL Formatter - Social Media formatSocialMediaLinks should format Twitter URLs" time="0">
    </testcase>
    <testcase classname="URL Formatter - Social Media formatSocialMediaLinks should format X.com URLs" name="URL Formatter - Social Media formatSocialMediaLinks should format X.com URLs" time="0.001">
    </testcase>
    <testcase classname="URL Formatter - Social Media formatSocialMediaLinks should handle text without URLs" name="URL Formatter - Social Media formatSocialMediaLinks should handle text without URLs" time="0">
    </testcase>
    <testcase classname="URL Formatter - Social Media formatSocialMediaLinks should handle multiple URLs in one text" name="URL Formatter - Social Media formatSocialMediaLinks should handle multiple URLs in one text" time="0.002">
      <failure>Error: expect(received).toContain(expected) // indexOf

Expected substring: &quot;(https://github.com/user/repo)&quot;
Received string:    &quot;Check (https://reddit.com/r/programming) and (https://github.com/use[Reddit:) r/repo](https://reddit.com/r/repo)&quot;
    at Object.toContain (C:\Users\ch\aszune\aszune-ai-bot\__tests__\unit\url-formatter-social.test.js:55:22)
    at Promise.then.completed (C:\Users\ch\aszune\aszune-ai-bot\node_modules\jest-circus\build\utils.js:298:28)
    at new Promise (&lt;anonymous&gt;)
    at callAsyncCircusFn (C:\Users\ch\aszune\aszune-ai-bot\node_modules\jest-circus\build\utils.js:231:10)
    at _callCircusTest (C:\Users\ch\aszune\aszune-ai-bot\node_modules\jest-circus\build\run.js:316:40)
    at processTicksAndRejections (node:internal/process/task_queues:95:5)
    at _runTest (C:\Users\ch\aszune\aszune-ai-bot\node_modules\jest-circus\build\run.js:252:3)
    at _runTestsForDescribeBlock (C:\Users\ch\aszune\aszune-ai-bot\node_modules\jest-circus\build\run.js:126:9)
    at _runTestsForDescribeBlock (C:\Users\ch\aszune\aszune-ai-bot\node_modules\jest-circus\build\run.js:121:9)
    at _runTestsForDescribeBlock (C:\Users\ch\aszune\aszune-ai-bot\node_modules\jest-circus\build\run.js:121:9)
    at run (C:\Users\ch\aszune\aszune-ai-bot\node_modules\jest-circus\build\run.js:71:3)
    at runAndTransformResultsToJestFormat (C:\Users\ch\aszune\aszune-ai-bot\node_modules\jest-circus\build\legacy-code-todo-rewrite\jestAdapterInit.js:122:21)
    at jestAdapter (C:\Users\ch\aszune\aszune-ai-bot\node_modules\jest-circus\build\legacy-code-todo-rewrite\jestAdapter.js:79:19)
    at runTestInternal (C:\Users\ch\aszune\aszune-ai-bot\node_modules\jest-runner\build\runTest.js:367:16)
    at runTest (C:\Users\ch\aszune\aszune-ai-bot\node_modules\jest-runner\build\runTest.js:444:34)</failure>
    </testcase>
    <testcase classname="URL Formatter - Social Media formatSocialMediaLinks should handle URLs with query parameters" name="URL Formatter - Social Media formatSocialMediaLinks should handle URLs with query parameters" time="0.001">
      <failure>Error: expect(received).toContain(expected) // indexOf

Expected substring: &quot;(https://reddit.com/r/programming?sort=hot)&quot;
Received string:    &quot;Visit (https://reddit.com/r/programming)?sort=hot&quot;
    at Object.toContain (C:\Users\ch\aszune\aszune-ai-bot\__tests__\unit\url-formatter-social.test.js:61:22)
    at Promise.then.completed (C:\Users\ch\aszune\aszune-ai-bot\node_modules\jest-circus\build\utils.js:298:28)
    at new Promise (&lt;anonymous&gt;)
    at callAsyncCircusFn (C:\Users\ch\aszune\aszune-ai-bot\node_modules\jest-circus\build\utils.js:231:10)
    at _callCircusTest (C:\Users\ch\aszune\aszune-ai-bot\node_modules\jest-circus\build\run.js:316:40)
    at processTicksAndRejections (node:internal/process/task_queues:95:5)
    at _runTest (C:\Users\ch\aszune\aszune-ai-bot\node_modules\jest-circus\build\run.js:252:3)
    at _runTestsForDescribeBlock (C:\Users\ch\aszune\aszune-ai-bot\node_modules\jest-circus\build\run.js:126:9)
    at _runTestsForDescribeBlock (C:\Users\ch\aszune\aszune-ai-bot\node_modules\jest-circus\build\run.js:121:9)
    at _runTestsForDescribeBlock (C:\Users\ch\aszune\aszune-ai-bot\node_modules\jest-circus\build\run.js:121:9)
    at run (C:\Users\ch\aszune\aszune-ai-bot\node_modules\jest-circus\build\run.js:71:3)
    at runAndTransformResultsToJestFormat (C:\Users\ch\aszune\aszune-ai-bot\node_modules\jest-circus\build\legacy-code-todo-rewrite\jestAdapterInit.js:122:21)
    at jestAdapter (C:\Users\ch\aszune\aszune-ai-bot\node_modules\jest-circus\build\legacy-code-todo-rewrite\jestAdapter.js:79:19)
    at runTestInternal (C:\Users\ch\aszune\aszune-ai-bot\node_modules\jest-runner\build\runTest.js:367:16)
    at runTest (C:\Users\ch\aszune\aszune-ai-bot\node_modules\jest-runner\build\runTest.js:444:34)</failure>
    </testcase>
    <testcase classname="URL Formatter - Social Media formatSocialMediaLinks should handle URLs with fragments" name="URL Formatter - Social Media formatSocialMediaLinks should handle URLs with fragments" time="0.001">
    </testcase>
    <testcase classname="URL Formatter - Social Media formatSocialMediaLinks should handle URLs with www prefix" name="URL Formatter - Social Media formatSocialMediaLinks should handle URLs with www prefix" time="0.001">
      <failure>Error: expect(received).toContain(expected) // indexOf

Expected substring: &quot;(https://www.reddit.com/r/programming)&quot;
Received string:    &quot;Visit (https://reddit.com/r/programming)&quot;
    at Object.toContain (C:\Users\ch\aszune\aszune-ai-bot\__tests__\unit\url-formatter-social.test.js:73:22)
    at Promise.then.completed (C:\Users\ch\aszune\aszune-ai-bot\node_modules\jest-circus\build\utils.js:298:28)
    at new Promise (&lt;anonymous&gt;)
    at callAsyncCircusFn (C:\Users\ch\aszune\aszune-ai-bot\node_modules\jest-circus\build\utils.js:231:10)
    at _callCircusTest (C:\Users\ch\aszune\aszune-ai-bot\node_modules\jest-circus\build\run.js:316:40)
    at processTicksAndRejections (node:internal/process/task_queues:95:5)
    at _runTest (C:\Users\ch\aszune\aszune-ai-bot\node_modules\jest-circus\build\run.js:252:3)
    at _runTestsForDescribeBlock (C:\Users\ch\aszune\aszune-ai-bot\node_modules\jest-circus\build\run.js:126:9)
    at _runTestsForDescribeBlock (C:\Users\ch\aszune\aszune-ai-bot\node_modules\jest-circus\build\run.js:121:9)
    at _runTestsForDescribeBlock (C:\Users\ch\aszune\aszune-ai-bot\node_modules\jest-circus\build\run.js:121:9)
    at run (C:\Users\ch\aszune\aszune-ai-bot\node_modules\jest-circus\build\run.js:71:3)
    at runAndTransformResultsToJestFormat (C:\Users\ch\aszune\aszune-ai-bot\node_modules\jest-circus\build\legacy-code-todo-rewrite\jestAdapterInit.js:122:21)
    at jestAdapter (C:\Users\ch\aszune\aszune-ai-bot\node_modules\jest-circus\build\legacy-code-todo-rewrite\jestAdapter.js:79:19)
    at runTestInternal (C:\Users\ch\aszune\aszune-ai-bot\node_modules\jest-runner\build\runTest.js:367:16)
    at runTest (C:\Users\ch\aszune\aszune-ai-bot\node_modules\jest-runner\build\runTest.js:444:34)</failure>
    </testcase>
    <testcase classname="URL Formatter - Social Media formatSocialMediaLinks should handle URLs with https prefix" name="URL Formatter - Social Media formatSocialMediaLinks should handle URLs with https prefix" time="0">
    </testcase>
    <testcase classname="URL Formatter - Social Media formatSocialMediaLinks should handle URLs with http prefix" name="URL Formatter - Social Media formatSocialMediaLinks should handle URLs with http prefix" time="0.001">
    </testcase>
    <testcase classname="URL Formatter - Social Media formatSocialMediaLinks should handle mixed case URLs" name="URL Formatter - Social Media formatSocialMediaLinks should handle mixed case URLs" time="0.001">
      <failure>Error: expect(received).toContain(expected) // indexOf

Expected substring: &quot;(https://reddit.com/r/programming)&quot;
Received string:    &quot;Check (https://REDDIT.COM/R/PROGRAMMING)&quot;
    at Object.toContain (C:\Users\ch\aszune\aszune-ai-bot\__tests__\unit\url-formatter-social.test.js:91:22)
    at Promise.then.completed (C:\Users\ch\aszune\aszune-ai-bot\node_modules\jest-circus\build\utils.js:298:28)
    at new Promise (&lt;anonymous&gt;)
    at callAsyncCircusFn (C:\Users\ch\aszune\aszune-ai-bot\node_modules\jest-circus\build\utils.js:231:10)
    at _callCircusTest (C:\Users\ch\aszune\aszune-ai-bot\node_modules\jest-circus\build\run.js:316:40)
    at processTicksAndRejections (node:internal/process/task_queues:95:5)
    at _runTest (C:\Users\ch\aszune\aszune-ai-bot\node_modules\jest-circus\build\run.js:252:3)
    at _runTestsForDescribeBlock (C:\Users\ch\aszune\aszune-ai-bot\node_modules\jest-circus\build\run.js:126:9)
    at _runTestsForDescribeBlock (C:\Users\ch\aszune\aszune-ai-bot\node_modules\jest-circus\build\run.js:121:9)
    at _runTestsForDescribeBlock (C:\Users\ch\aszune\aszune-ai-bot\node_modules\jest-circus\build\run.js:121:9)
    at run (C:\Users\ch\aszune\aszune-ai-bot\node_modules\jest-circus\build\run.js:71:3)
    at runAndTransformResultsToJestFormat (C:\Users\ch\aszune\aszune-ai-bot\node_modules\jest-circus\build\legacy-code-todo-rewrite\jestAdapterInit.js:122:21)
    at jestAdapter (C:\Users\ch\aszune\aszune-ai-bot\node_modules\jest-circus\build\legacy-code-todo-rewrite\jestAdapter.js:79:19)
    at runTestInternal (C:\Users\ch\aszune\aszune-ai-bot\node_modules\jest-runner\build\runTest.js:367:16)
    at runTest (C:\Users\ch\aszune\aszune-ai-bot\node_modules\jest-runner\build\runTest.js:444:34)</failure>
    </testcase>
    <testcase classname="URL Formatter - Social Media formatSocialMediaLinks should handle URLs at end of sentence" name="URL Formatter - Social Media formatSocialMediaLinks should handle URLs at end of sentence" time="0">
    </testcase>
    <testcase classname="URL Formatter - Social Media formatSocialMediaLinks should handle URLs at beginning of sentence" name="URL Formatter - Social Media formatSocialMediaLinks should handle URLs at beginning of sentence" time="0.001">
    </testcase>
  </testsuite>
</testsuites>