<?xml version="1.0" encoding="UTF-8"?>
<testsuites name="jest tests" tests="10" failures="2" errors="0" time="2.223">
  <testsuite name="Message Chunker - Advanced" errors="0" failures="2" skipped="0" timestamp="2025-09-24T10:08:40" time="2.004" tests="10">
    <testcase classname="Message Chunker - Advanced should not cut off sentences at chunk boundaries" name="Message Chunker - Advanced should not cut off sentences at chunk boundaries" time="0.011">
    </testcase>
    <testcase classname="Message Chunker - Advanced should handle messages with special characters" name="Message Chunker - Advanced should handle messages with special characters" time="0.001">
    </testcase>
    <testcase classname="Message Chunker - Advanced should handle messages with unicode characters" name="Message Chunker - Advanced should handle messages with unicode characters" time="0.003">
    </testcase>
    <testcase classname="Message Chunker - Advanced should handle messages with URLs" name="Message Chunker - Advanced should handle messages with URLs" time="0.011">
      <failure>Error: expect(received).toContain(expected) // indexOf

Expected substring: &quot;https://example.com&quot;
Received string:    &quot;Check out https://example.co m for more information&quot;
    at Object.toContain (C:\Users\ch\aszune\aszune-ai-bot\__tests__\unit\message-chunker-advanced.test.js:46:22)
    at Promise.then.completed (C:\Users\ch\aszune\aszune-ai-bot\node_modules\jest-circus\build\utils.js:298:28)
    at new Promise (&lt;anonymous&gt;)
    at callAsyncCircusFn (C:\Users\ch\aszune\aszune-ai-bot\node_modules\jest-circus\build\utils.js:231:10)
    at _callCircusTest (C:\Users\ch\aszune\aszune-ai-bot\node_modules\jest-circus\build\run.js:316:40)
    at processTicksAndRejections (node:internal/process/task_queues:95:5)
    at _runTest (C:\Users\ch\aszune\aszune-ai-bot\node_modules\jest-circus\build\run.js:252:3)
    at _runTestsForDescribeBlock (C:\Users\ch\aszune\aszune-ai-bot\node_modules\jest-circus\build\run.js:126:9)
    at _runTestsForDescribeBlock (C:\Users\ch\aszune\aszune-ai-bot\node_modules\jest-circus\build\run.js:121:9)
    at run (C:\Users\ch\aszune\aszune-ai-bot\node_modules\jest-circus\build\run.js:71:3)
    at runAndTransformResultsToJestFormat (C:\Users\ch\aszune\aszune-ai-bot\node_modules\jest-circus\build\legacy-code-todo-rewrite\jestAdapterInit.js:122:21)
    at jestAdapter (C:\Users\ch\aszune\aszune-ai-bot\node_modules\jest-circus\build\legacy-code-todo-rewrite\jestAdapter.js:79:19)
    at runTestInternal (C:\Users\ch\aszune\aszune-ai-bot\node_modules\jest-runner\build\runTest.js:367:16)
    at runTest (C:\Users\ch\aszune\aszune-ai-bot\node_modules\jest-runner\build\runTest.js:444:34)</failure>
    </testcase>
    <testcase classname="Message Chunker - Advanced should handle messages with markdown formatting" name="Message Chunker - Advanced should handle messages with markdown formatting" time="0.001">
    </testcase>
    <testcase classname="Message Chunker - Advanced should handle messages with line breaks" name="Message Chunker - Advanced should handle messages with line breaks" time="0.007">
      <failure>Error: expect(received).toContain(expected) // indexOf

Expected substring: &quot;Line 1&quot;
Received string:    &quot;Lin e 1 Lin e 2 Lin e 3&quot;
    at Object.toContain (C:\Users\ch\aszune\aszune-ai-bot\__tests__\unit\message-chunker-advanced.test.js:66:22)
    at Promise.then.completed (C:\Users\ch\aszune\aszune-ai-bot\node_modules\jest-circus\build\utils.js:298:28)
    at new Promise (&lt;anonymous&gt;)
    at callAsyncCircusFn (C:\Users\ch\aszune\aszune-ai-bot\node_modules\jest-circus\build\utils.js:231:10)
    at _callCircusTest (C:\Users\ch\aszune\aszune-ai-bot\node_modules\jest-circus\build\run.js:316:40)
    at processTicksAndRejections (node:internal/process/task_queues:95:5)
    at _runTest (C:\Users\ch\aszune\aszune-ai-bot\node_modules\jest-circus\build\run.js:252:3)
    at _runTestsForDescribeBlock (C:\Users\ch\aszune\aszune-ai-bot\node_modules\jest-circus\build\run.js:126:9)
    at _runTestsForDescribeBlock (C:\Users\ch\aszune\aszune-ai-bot\node_modules\jest-circus\build\run.js:121:9)
    at run (C:\Users\ch\aszune\aszune-ai-bot\node_modules\jest-circus\build\run.js:71:3)
    at runAndTransformResultsToJestFormat (C:\Users\ch\aszune\aszune-ai-bot\node_modules\jest-circus\build\legacy-code-todo-rewrite\jestAdapterInit.js:122:21)
    at jestAdapter (C:\Users\ch\aszune\aszune-ai-bot\node_modules\jest-circus\build\legacy-code-todo-rewrite\jestAdapter.js:79:19)
    at runTestInternal (C:\Users\ch\aszune\aszune-ai-bot\node_modules\jest-runner\build\runTest.js:367:16)
    at runTest (C:\Users\ch\aszune\aszune-ai-bot\node_modules\jest-runner\build\runTest.js:444:34)</failure>
    </testcase>
    <testcase classname="Message Chunker - Advanced should handle very long single word" name="Message Chunker - Advanced should handle very long single word" time="0.01">
    </testcase>
    <testcase classname="Message Chunker - Advanced should handle mixed content types" name="Message Chunker - Advanced should handle mixed content types" time="0.007">
    </testcase>
    <testcase classname="Message Chunker - Advanced should maintain chunk order" name="Message Chunker - Advanced should maintain chunk order" time="0.006">
    </testcase>
    <testcase classname="Message Chunker - Advanced should handle edge case with exact chunk size" name="Message Chunker - Advanced should handle edge case with exact chunk size" time="0.004">
    </testcase>
  </testsuite>
</testsuites>