<?xml version="1.0" encoding="UTF-8"?>
<testsuites name="jest tests" tests="15" failures="0" errors="0" time="2.03">
  <testsuite name="Cache Command" errors="0" failures="0" skipped="0" timestamp="2025-10-04T21:00:38" time="0.851" tests="6">
    <testcase classname="Cache Command should handle cache command successfully with proper field values" name="Cache Command should handle cache command successfully with proper field values" time="0.007">
    </testcase>
    <testcase classname="Cache Command should never display &quot;undefined&quot; values in cache statistics" name="Cache Command should never display &quot;undefined&quot; values in cache statistics" time="0.002">
    </testcase>
    <testcase classname="Cache Command should handle missing cache stats with proper fallback values" name="Cache Command should handle missing cache stats with proper fallback values" time="0.002">
    </testcase>
    <testcase classname="Cache Command should handle cache service throwing error gracefully" name="Cache Command should handle cache service throwing error gracefully" time="0.002">
    </testcase>
    <testcase classname="Cache Command should handle invalid user ID gracefully" name="Cache Command should handle invalid user ID gracefully" time="0.003">
    </testcase>
    <testcase classname="Cache Command should display all required cache fields for v1.6.5 compatibility" name="Cache Command should display all required cache fields for v1.6.5 compatibility" time="0.002">
    </testcase>
  </testsuite>
  <testsuite name="Analytics Command" errors="0" failures="0" skipped="0" timestamp="2025-10-04T21:00:39" time="0.398" tests="3">
    <testcase classname="Analytics Command should handle analytics command successfully" name="Analytics Command should handle analytics command successfully" time="0.005">
    </testcase>
    <testcase classname="Analytics Command should handle analytics command error" name="Analytics Command should handle analytics command error" time="0.003">
    </testcase>
    <testcase classname="Analytics Command should handle analytics with empty data" name="Analytics Command should handle analytics with empty data" time="0.002">
    </testcase>
  </testsuite>
  <testsuite name="Resources Command" errors="0" failures="0" skipped="0" timestamp="2025-10-04T21:00:39" time="0.302" tests="3">
    <testcase classname="Resources Command should handle resources command successfully" name="Resources Command should handle resources command successfully" time="0.002">
    </testcase>
    <testcase classname="Resources Command should handle resources command error" name="Resources Command should handle resources command error" time="0.002">
    </testcase>
    <testcase classname="Resources Command should handle resources with warning status" name="Resources Command should handle resources with warning status" time="0.002">
    </testcase>
  </testsuite>
  <testsuite name="Dashboard Command" errors="0" failures="0" skipped="0" timestamp="2025-10-04T21:00:40" time="0.321" tests="3">
    <testcase classname="Dashboard Command should handle dashboard command successfully" name="Dashboard Command should handle dashboard command successfully" time="0.003">
    </testcase>
    <testcase classname="Dashboard Command should handle dashboard command error" name="Dashboard Command should handle dashboard command error" time="0.002">
    </testcase>
    <testcase classname="Dashboard Command should handle dashboard with degraded performance" name="Dashboard Command should handle dashboard with degraded performance" time="0.005">
    </testcase>
  </testsuite>
</testsuites>